  engine.cpp
  C:\Program Files (x86)\Windows Kits\10\Include\10.0.17763.0\um\dinput.h: DIRECTINPUT_VERSION undefined. Defaulting to version 0x0800
  GSystem.cpp
J:\develop\encode\Project2019.3.17\Project2019.3.17\GSystem.h(6,9): error C1083:  无法打开包括文件: “SDL.h”: No such file or directory
J:\develop\encode\Project2019.3.17\Project2019.3.17\GSystem.h(6,9): error C1083: C:\Program Files (x86)\Windows Kits\10\Include\10.0.17763.0\um\dinput.h: DIRECTINPUT_VERSION undefined. Defaulting to version 0x0800
  Main.cpp
J:\develop\encode\Project2019.3.17\Project2019.3.17\GSystem.h(6,9): error C1083:  无法打开包括文件: “SDL.h”: No such file or directory
J:\develop\encode\Project2019.3.17\Project2019.3.17\GSystem.h(6,9): error C1083: C:\Program Files (x86)\Windows Kits\10\Include\10.0.17763.0\um\dinput.h: DIRECTINPUT_VERSION undefined. Defaulting to version 0x0800
  Object.cpp
J:\develop\encode\Project2019.3.17\Project2019.3.17\GSystem.h(6,9): error C1083:  无法打开包括文件: “SDL.h”: No such file or directory
J:\develop\encode\Project2019.3.17\Project2019.3.17\GSystem.h(6,9): error C1083: C:\Program Files (x86)\Windows Kits\10\Include\10.0.17763.0\um\dinput.h: DIRECTINPUT_VERSION undefined. Defaulting to version 0x0800
  Wall.cpp
J:\develop\encode\Project2019.3.17\Project2019.3.17\GSystem.h(6,9): error C1083:  无法打开包括文件: “SDL.h”: No such file or directory
J:\develop\encode\Project2019.3.17\Project2019.3.17\GSystem.h(6,9): error C1083: C:\Program Files (x86)\Windows Kits\10\Include\10.0.17763.0\um\dinput.h: DIRECTINPUT_VERSION undefined. Defaulting to version 0x0800
  源.cpp
J:\develop\encode\Project2019.3.17\Project2019.3.17\GSystem.h(6,9): error C1083:  无法打开包括文件: “SDL.h”: No such file or directory
J:\develop\encode\Project2019.3.17\Project2019.3.17\源.cpp(16,23): warning C4244:  “return”: 从“LRESULT”转换到“HRESULT”，可能丢失数据
J:\develop\encode\Project2019.3.17\Project2019.3.17\源.cpp(37,27): error C2440:  “=”: 无法从“HRESULT (__cdecl *)(HWND,UINT,WPARAM,LPARAM)”转换为“WNDPROC”
J:\develop\encode\Project2019.3.17\Project2019.3.17\源.cpp(37,20): message :  该强制转换要求 reinterpret_cast、C 样式强制转换或函数类型强制转换
J:\develop\encode\Project2019.3.17\Project2019.3.17\源.cpp(38,33): error C2440:  “=”: 无法从“const wchar_t [9]”转换为“LPCSTR”
J:\develop\encode\Project2019.3.17\Project2019.3.17\源.cpp(38,22): message :  与指向的类型无关；强制转换要求 reinterpret_cast、C 样式强制转换或函数样式强制转换
J:\develop\encode\Project2019.3.17\Project2019.3.17\源.cpp(60,14): error C2664:  “HWND CreateWindowExA(DWORD,LPCSTR,LPCSTR,DWORD,int,int,int,int,HWND,HMENU,HINSTANCE,LPVOID)”: 无法将参数 2 从“const wchar_t [9]”转换为“LPCSTR”
J:\develop\encode\Project2019.3.17\Project2019.3.17\源.cpp(60,14): message :  与指向的类型无关；强制转换要求 reinterpret_cast、C 样式强制转换或函数样式强制转换
J:\develop\encode\Project2019.3.17\Project2019.3.17\源.cpp(77,39): error C2664:  “BOOL UnregisterClassA(LPCSTR,HINSTANCE)”: 无法将参数 1 从“const wchar_t [9]”转换为“LPCSTR”
  正在生成代码...
J:\develop\encode\Project2019.3.17\Project2019.3.17\源.cpp(77,18): message :  与指向的类型无关；强制转换要求 reinterpret_cast、C 样式强制转换或函数样式强制转换
